<?xml version="1.0" encoding="UTF-8"?>
<!-- Generated by org.testng.reporters.JUnitReportReporter -->
<testsuite hostname="ketoprak-ma.local" name="com.happyfresh.android.Launch" tests="14" failures="0" timestamp="18 Jun 2015 10:10:59 GMT" time="37.220" errors="1">
  <testcase name="TC_2014Q20007_001_014" time="1.142" classname="com.happyfresh.android.Launch"/>
  <testcase name="TC_2014Q20007_001_002" time="1.957" classname="com.happyfresh.android.Launch"/>
  <testcase name="TC_2014Q20007_001_010" time="10.848" classname="com.happyfresh.android.Launch"/>
  <testcase name="TC_2014Q20007_001_005" time="0.723" classname="com.happyfresh.android.Launch"/>
  <testcase name="TC_2014Q20007_001_004" time="1.927" classname="com.happyfresh.android.Launch"/>
  <testcase name="TC_2014Q20007_001_006" time="1.858" classname="com.happyfresh.android.Launch"/>
  <testcase name="TC_2014Q20007_001_012" time="2.579" classname="com.happyfresh.android.Launch"/>
  <testcase name="TC_2014Q20007_001_001" time="4.228" classname="com.happyfresh.android.Launch"/>
  <testcase name="TC_2014Q20007_001_003" time="2.084" classname="com.happyfresh.android.Launch"/>
  <testcase name="TC_2014Q20007_001_008" time="0.783" classname="com.happyfresh.android.Launch"/>
  <testcase name="TC_2014Q20007_001_007" time="1.788" classname="com.happyfresh.android.Launch"/>
  <testcase name="TC_2014Q20007_001_009" time="0.715" classname="com.happyfresh.android.Launch"/>
  <testcase name="TC_2014Q20007_001_013" time="1.021" classname="com.happyfresh.android.Launch"/>
  <testcase name="TC_2014Q20007_001_015" time="5.567" classname="com.happyfresh.android.Launch">
    <error type="java.lang.AssertionError" message="Back button on Sign Up page not exist expected [true] but found [false]">
      <![CDATA[java.lang.AssertionError: Back button on Sign Up page not exist expected [true] but found [false]
	at org.testng.Assert.fail(Assert.java:94)
	at org.testng.Assert.failNotEquals(Assert.java:494)
	at org.testng.Assert.assertTrue(Assert.java:42)
	at com.happyfresh.android.Launch.TC_2014Q20007_001_015(Launch.java:178)
	at sun.reflect.NativeMethodAccessorImpl.invoke0(Native Method)
	at sun.reflect.NativeMethodAccessorImpl.invoke(NativeMethodAccessorImpl.java:62)
	at sun.reflect.DelegatingMethodAccessorImpl.invoke(DelegatingMethodAccessorImpl.java:43)
	at java.lang.reflect.Method.invoke(Method.java:483)
	at org.testng.internal.MethodInvocationHelper.invokeMethod(MethodInvocationHelper.java:84)
	at org.testng.internal.Invoker.invokeMethod(Invoker.java:714)
	at org.testng.internal.Invoker.invokeTestMethod(Invoker.java:901)
	at org.testng.internal.Invoker.invokeTestMethods(Invoker.java:1231)
	at org.testng.internal.TestMethodWorker.invokeTestMethods(TestMethodWorker.java:127)
	at org.testng.internal.TestMethodWorker.run(TestMethodWorker.java:111)
	at org.testng.TestRunner.privateRun(TestRunner.java:767)
	at org.testng.TestRunner.run(TestRunner.java:617)
	at org.testng.SuiteRunner.runTest(SuiteRunner.java:348)
	at org.testng.SuiteRunner.runSequentially(SuiteRunner.java:343)
	at org.testng.SuiteRunner.privateRun(SuiteRunner.java:305)
	at org.testng.SuiteRunner.run(SuiteRunner.java:254)
	at org.testng.SuiteRunnerWorker.runSuite(SuiteRunnerWorker.java:52)
	at org.testng.SuiteRunnerWorker.run(SuiteRunnerWorker.java:86)
	at org.testng.TestNG.runSuitesSequentially(TestNG.java:1224)
	at org.testng.TestNG.runSuitesLocally(TestNG.java:1149)
	at org.testng.TestNG.run(TestNG.java:1057)
	at org.apache.maven.surefire.testng.TestNGExecutor.run(TestNGExecutor.java:293)
	at org.apache.maven.surefire.testng.TestNGXmlTestSuite.execute(TestNGXmlTestSuite.java:84)
	at org.apache.maven.surefire.testng.TestNGProvider.invoke(TestNGProvider.java:91)
	at org.apache.maven.surefire.booter.ForkedBooter.invokeProviderInSameClassLoader(ForkedBooter.java:200)
	at org.apache.maven.surefire.booter.ForkedBooter.runSuitesInProcess(ForkedBooter.java:153)
	at org.apache.maven.surefire.booter.ForkedBooter.main(ForkedBooter.java:103)
]]>
    </error>
  </testcase> <!-- TC_2014Q20007_001_015 -->
</testsuite> <!-- com.happyfresh.android.Launch -->
